0 info it worked if it ends with ok
1 verbose cli [ 'node',
1 verbose cli   '/usr/local/bin/npm',
1 verbose cli   'install',
1 verbose cli   'express-html',
1 verbose cli   '--save' ]
2 info using npm@2.11.2
3 info using node@v0.12.6
4 verbose install initial load of /Users/Ellen/Documents/workspace/talitakum/ellenradio/package.json
5 verbose installManyTop reading scoped package data from /Users/Ellen/Documents/workspace/talitakum/ellenradio/node_modules/angular/package.json
6 verbose installManyTop reading scoped package data from /Users/Ellen/Documents/workspace/talitakum/ellenradio/node_modules/angular-mocks/package.json
7 verbose installManyTop reading scoped package data from /Users/Ellen/Documents/workspace/talitakum/ellenradio/node_modules/angular-resource/package.json
8 verbose installManyTop reading scoped package data from /Users/Ellen/Documents/workspace/talitakum/ellenradio/node_modules/async/package.json
9 verbose installManyTop reading scoped package data from /Users/Ellen/Documents/workspace/talitakum/ellenradio/node_modules/body-parser/package.json
10 verbose installManyTop reading scoped package data from /Users/Ellen/Documents/workspace/talitakum/ellenradio/node_modules/compression/package.json
11 verbose installManyTop reading scoped package data from /Users/Ellen/Documents/workspace/talitakum/ellenradio/node_modules/connect-flash/package.json
12 verbose installManyTop reading scoped package data from /Users/Ellen/Documents/workspace/talitakum/ellenradio/node_modules/connect-mongo/package.json
13 verbose installManyTop reading scoped package data from /Users/Ellen/Documents/workspace/talitakum/ellenradio/node_modules/cookie-parser/package.json
14 verbose installManyTop reading scoped package data from /Users/Ellen/Documents/workspace/talitakum/ellenradio/node_modules/cookie-session/package.json
15 verbose installManyTop reading scoped package data from /Users/Ellen/Documents/workspace/talitakum/ellenradio/node_modules/csurf/package.json
16 verbose installManyTop reading scoped package data from /Users/Ellen/Documents/workspace/talitakum/ellenradio/node_modules/debug/package.json
17 verbose installManyTop reading scoped package data from /Users/Ellen/Documents/workspace/talitakum/ellenradio/node_modules/express/package.json
18 verbose installManyTop reading scoped package data from /Users/Ellen/Documents/workspace/talitakum/ellenradio/node_modules/express-session/package.json
19 verbose installManyTop reading scoped package data from /Users/Ellen/Documents/workspace/talitakum/ellenradio/node_modules/forever/package.json
20 verbose installManyTop reading scoped package data from /Users/Ellen/Documents/workspace/talitakum/ellenradio/node_modules/imager/package.json
21 verbose installManyTop reading scoped package data from /Users/Ellen/Documents/workspace/talitakum/ellenradio/node_modules/jade/package.json
22 verbose installManyTop reading scoped package data from /Users/Ellen/Documents/workspace/talitakum/ellenradio/node_modules/jasmine-core/package.json
23 verbose installManyTop reading scoped package data from /Users/Ellen/Documents/workspace/talitakum/ellenradio/node_modules/karma/package.json
24 verbose installManyTop reading scoped package data from /Users/Ellen/Documents/workspace/talitakum/ellenradio/node_modules/karma-chrome-launcher/package.json
25 verbose installManyTop reading scoped package data from /Users/Ellen/Documents/workspace/talitakum/ellenradio/node_modules/karma-jasmine/package.json
26 verbose installManyTop reading scoped package data from /Users/Ellen/Documents/workspace/talitakum/ellenradio/node_modules/method-override/package.json
27 verbose installManyTop reading scoped package data from /Users/Ellen/Documents/workspace/talitakum/ellenradio/node_modules/mocha/package.json
28 verbose installManyTop reading scoped package data from /Users/Ellen/Documents/workspace/talitakum/ellenradio/node_modules/mongoose/package.json
29 verbose installManyTop reading scoped package data from /Users/Ellen/Documents/workspace/talitakum/ellenradio/node_modules/morgan/package.json
30 verbose installManyTop reading scoped package data from /Users/Ellen/Documents/workspace/talitakum/ellenradio/node_modules/multer/package.json
31 verbose installManyTop reading scoped package data from /Users/Ellen/Documents/workspace/talitakum/ellenradio/node_modules/nodemon/package.json
32 verbose installManyTop reading scoped package data from /Users/Ellen/Documents/workspace/talitakum/ellenradio/node_modules/notifier/package.json
33 verbose installManyTop reading scoped package data from /Users/Ellen/Documents/workspace/talitakum/ellenradio/node_modules/passport/package.json
34 verbose installManyTop reading scoped package data from /Users/Ellen/Documents/workspace/talitakum/ellenradio/node_modules/passport-facebook/package.json
35 verbose installManyTop reading scoped package data from /Users/Ellen/Documents/workspace/talitakum/ellenradio/node_modules/passport-google-oauth/package.json
36 verbose installManyTop reading scoped package data from /Users/Ellen/Documents/workspace/talitakum/ellenradio/node_modules/passport-local/package.json
37 verbose installManyTop reading scoped package data from /Users/Ellen/Documents/workspace/talitakum/ellenradio/node_modules/passport-twitter/package.json
38 verbose installManyTop reading scoped package data from /Users/Ellen/Documents/workspace/talitakum/ellenradio/node_modules/redis/package.json
39 verbose installManyTop reading scoped package data from /Users/Ellen/Documents/workspace/talitakum/ellenradio/node_modules/sentiment/package.json
40 verbose installManyTop reading scoped package data from /Users/Ellen/Documents/workspace/talitakum/ellenradio/node_modules/serve-favicon/package.json
41 verbose installManyTop reading scoped package data from /Users/Ellen/Documents/workspace/talitakum/ellenradio/node_modules/should/package.json
42 verbose installManyTop reading scoped package data from /Users/Ellen/Documents/workspace/talitakum/ellenradio/node_modules/supertest/package.json
43 verbose installManyTop reading scoped package data from /Users/Ellen/Documents/workspace/talitakum/ellenradio/node_modules/swig/package.json
44 verbose installManyTop reading scoped package data from /Users/Ellen/Documents/workspace/talitakum/ellenradio/node_modules/view-helpers/package.json
45 verbose installManyTop reading scoped package data from /Users/Ellen/Documents/workspace/talitakum/ellenradio/node_modules/winston/package.json
46 info package.json connect-mongo@0.8.1 No license field.
47 info package.json connect-flash@0.1.1 No license field.
48 info package.json imager@0.2.7 No license field.
49 info package.json passport-local@1.0.0 No license field.
50 info package.json passport-facebook@2.0.0 No license field.
51 info package.json passport-google-oauth@0.2.0 No license field.
52 info package.json passport-twitter@1.0.3 No license field.
53 info package.json nodemon@1.3.7 No license field.
54 info package.json sentiment@1.0.2 No license field.
55 verbose readDependencies loading dependencies from /Users/Ellen/Documents/workspace/talitakum/ellenradio/package.json
56 silly cache add args [ 'express-html', null ]
57 verbose cache add spec express-html
58 silly cache add parsed spec { raw: 'express-html',
58 silly cache add   scope: null,
58 silly cache add   name: 'express-html',
58 silly cache add   rawSpec: '',
58 silly cache add   spec: '*',
58 silly cache add   type: 'range' }
59 silly addNamed express-html@*
60 verbose addNamed "*" is a valid semver range for express-html
61 silly addNameRange { name: 'express-html', range: '*', hasData: false }
62 silly mapToRegistry name express-html
63 silly mapToRegistry using default registry
64 silly mapToRegistry registry https://registry.npmjs.org/
65 silly mapToRegistry uri https://registry.npmjs.org/express-html
66 verbose addNameRange registry:https://registry.npmjs.org/express-html not in flight; fetching
67 verbose request uri https://registry.npmjs.org/express-html
68 verbose request no auth needed
69 info attempt registry request try #1 at 17:23:09
70 verbose request id 5d3ca7d12994f272
71 http request GET https://registry.npmjs.org/express-html
72 http 404 https://registry.npmjs.org/express-html
73 verbose headers { 'content-type': 'application/json',
73 verbose headers   'cache-control': 'max-age=0',
73 verbose headers   'content-length': '2',
73 verbose headers   'accept-ranges': 'bytes',
73 verbose headers   date: 'Sat, 19 Sep 2015 08:23:10 GMT',
73 verbose headers   via: '1.1 varnish',
73 verbose headers   age: '0',
73 verbose headers   connection: 'keep-alive',
73 verbose headers   'x-served-by': 'cache-nrt6129-NRT',
73 verbose headers   'x-cache': 'MISS',
73 verbose headers   'x-cache-hits': '0',
73 verbose headers   'x-timer': 'S1442650989.317946,VS0,VE747' }
74 silly get cb [ 404,
74 silly get   { 'content-type': 'application/json',
74 silly get     'cache-control': 'max-age=0',
74 silly get     'content-length': '2',
74 silly get     'accept-ranges': 'bytes',
74 silly get     date: 'Sat, 19 Sep 2015 08:23:10 GMT',
74 silly get     via: '1.1 varnish',
74 silly get     age: '0',
74 silly get     connection: 'keep-alive',
74 silly get     'x-served-by': 'cache-nrt6129-NRT',
74 silly get     'x-cache': 'MISS',
74 silly get     'x-cache-hits': '0',
74 silly get     'x-timer': 'S1442650989.317946,VS0,VE747' } ]
75 verbose stack Error: Registry returned 404 for GET on https://registry.npmjs.org/express-html
75 verbose stack     at CachingRegistryClient.<anonymous> (/usr/local/lib/node_modules/npm/node_modules/npm-registry-client/lib/request.js:239:14)
75 verbose stack     at Request._callback (/usr/local/lib/node_modules/npm/node_modules/npm-registry-client/lib/request.js:170:14)
75 verbose stack     at Request.self.callback (/usr/local/lib/node_modules/npm/node_modules/request/request.js:354:22)
75 verbose stack     at Request.emit (events.js:110:17)
75 verbose stack     at Request.<anonymous> (/usr/local/lib/node_modules/npm/node_modules/request/request.js:1207:14)
75 verbose stack     at Request.emit (events.js:129:20)
75 verbose stack     at IncomingMessage.<anonymous> (/usr/local/lib/node_modules/npm/node_modules/request/request.js:1153:12)
75 verbose stack     at IncomingMessage.emit (events.js:129:20)
75 verbose stack     at _stream_readable.js:908:16
75 verbose stack     at process._tickCallback (node.js:355:11)
76 verbose statusCode 404
77 verbose pkgid express-html
78 verbose cwd /Users/Ellen/Documents/workspace/talitakum/ellenradio
79 error Darwin 14.3.0
80 error argv "node" "/usr/local/bin/npm" "install" "express-html" "--save"
81 error node v0.12.6
82 error npm  v2.11.2
83 error code E404
84 error 404 Registry returned 404 for GET on https://registry.npmjs.org/express-html
84 error 404
84 error 404 'express-html' is not in the npm registry.
84 error 404 You should bug the author to publish it (or use the name yourself!)
84 error 404 It was specified as a dependency of 'ellenradio'
84 error 404
84 error 404 Note that you can also install from a
84 error 404 tarball, folder, http url, or git url.
85 verbose exit [ 1, true ]
